

============================== 2023-03-05 21:37:48.716976 | 8a3051f2-545a-4db0-a36a-7887a9b1a27c ==============================
[0m21:37:48.716976 [info ] [MainThread]: Running with dbt=1.4.4
[0m21:37:48.717755 [debug] [MainThread]: running dbt with arguments {'write_json': True, 'use_colors': True, 'printer_width': 80, 'version_check': True, 'partial_parse': True, 'static_parser': True, 'profiles_dir': '/Users/kazdy/.dbt', 'send_anonymous_usage_stats': True, 'quiet': False, 'no_print': False, 'cache_selected_only': False, 'project_name': 'jaffle-shop', 'skip_profile_setup': False, 'which': 'init', 'indirect_selection': 'eager'}
[0m21:37:48.717855 [debug] [MainThread]: Tracking: tracking
[0m21:37:48.729775 [debug] [MainThread]: Sending event: {'category': 'dbt', 'action': 'invocation', 'label': 'start', 'context': [<snowplow_tracker.self_describing_json.SelfDescribingJson object at 0x107fed960>, <snowplow_tracker.self_describing_json.SelfDescribingJson object at 0x107fef8b0>, <snowplow_tracker.self_describing_json.SelfDescribingJson object at 0x10802d330>]}
[0m21:37:48.730306 [info ] [MainThread]: Creating dbt configuration folder at /Users/kazdy/.dbt
[0m21:38:00.054972 [debug] [MainThread]: Sending event: {'category': 'dbt', 'action': 'invocation', 'label': 'end', 'context': [<snowplow_tracker.self_describing_json.SelfDescribingJson object at 0x10743f400>, <snowplow_tracker.self_describing_json.SelfDescribingJson object at 0x106d3c970>, <snowplow_tracker.self_describing_json.SelfDescribingJson object at 0x107adf1f0>]}
[0m21:38:00.055521 [debug] [MainThread]: Flushing usage events
[0m21:38:00.697487 [error] [MainThread]: Encountered an error:

[0m21:38:00.701232 [error] [MainThread]: Traceback (most recent call last):
  File "/Library/Frameworks/Python.framework/Versions/3.10/lib/python3.10/site-packages/dbt/main.py", line 136, in main
    results, succeeded = handle_and_check(args)
  File "/Library/Frameworks/Python.framework/Versions/3.10/lib/python3.10/site-packages/dbt/main.py", line 206, in handle_and_check
    task, res = run_from_args(parsed)
  File "/Library/Frameworks/Python.framework/Versions/3.10/lib/python3.10/site-packages/dbt/main.py", line 253, in run_from_args
    results = task.run()
  File "/Library/Frameworks/Python.framework/Versions/3.10/lib/python3.10/site-packages/dbt/task/init.py", line 286, in run
    project_name = self.get_valid_project_name()
  File "/Library/Frameworks/Python.framework/Versions/3.10/lib/python3.10/site-packages/dbt/task/init.py", line 243, in get_valid_project_name
    name = click.prompt("Enter a name for your project (letters, digits, underscore)")
  File "/Library/Frameworks/Python.framework/Versions/3.10/lib/python3.10/site-packages/click/termui.py", line 168, in prompt
    value = prompt_func(prompt)
  File "/Library/Frameworks/Python.framework/Versions/3.10/lib/python3.10/site-packages/click/termui.py", line 150, in prompt_func
    raise Abort() from None
click.exceptions.Abort



============================== 2023-03-05 21:38:07.384111 | b7d940e8-5a1d-422a-b293-4c3c9b4749a3 ==============================
[0m21:38:07.384111 [info ] [MainThread]: Running with dbt=1.4.4
[0m21:38:07.384861 [debug] [MainThread]: running dbt with arguments {'write_json': True, 'use_colors': True, 'printer_width': 80, 'version_check': True, 'partial_parse': True, 'static_parser': True, 'profiles_dir': '/Users/kazdy/.dbt', 'send_anonymous_usage_stats': True, 'quiet': False, 'no_print': False, 'cache_selected_only': False, 'project_name': 'jaffle_shop', 'skip_profile_setup': False, 'which': 'init', 'indirect_selection': 'eager'}
[0m21:38:07.384965 [debug] [MainThread]: Tracking: tracking
[0m21:38:07.393779 [debug] [MainThread]: Sending event: {'category': 'dbt', 'action': 'invocation', 'label': 'start', 'context': [<snowplow_tracker.self_describing_json.SelfDescribingJson object at 0x108265960>, <snowplow_tracker.self_describing_json.SelfDescribingJson object at 0x1082678b0>, <snowplow_tracker.self_describing_json.SelfDescribingJson object at 0x1082a1330>]}
[0m21:38:07.395003 [debug] [MainThread]: Starter project path: /Library/Frameworks/Python.framework/Versions/3.10/lib/python3.10/site-packages/dbt/include/starter_project
[0m21:38:13.038101 [info ] [MainThread]: No sample profile found for duckdb.
[0m21:38:13.038364 [info ] [MainThread]: 
Your new dbt project "jaffle_shop" was created!

For more information on how to configure the profiles.yml file,
please consult the dbt documentation here:

  https://docs.getdbt.com/docs/configure-your-profile

One more thing:

Need help? Don't hesitate to reach out to us via GitHub issues or on Slack:

  https://community.getdbt.com/

Happy modeling!

[0m21:38:13.038551 [debug] [MainThread]: Sending event: {'category': 'dbt', 'action': 'invocation', 'label': 'end', 'context': [<snowplow_tracker.self_describing_json.SelfDescribingJson object at 0x106f32890>, <snowplow_tracker.self_describing_json.SelfDescribingJson object at 0x1076f8730>, <snowplow_tracker.self_describing_json.SelfDescribingJson object at 0x107d53100>]}
[0m21:38:13.038696 [debug] [MainThread]: Flushing usage events


============================== 2023-03-05 21:43:40.497268 | 390254a6-78cf-460d-9577-bae01b5aafbc ==============================
[0m21:43:40.497268 [info ] [MainThread]: Running with dbt=1.4.4
[0m21:43:40.498072 [debug] [MainThread]: running dbt with arguments {'write_json': True, 'use_colors': True, 'printer_width': 80, 'version_check': True, 'partial_parse': True, 'static_parser': True, 'profiles_dir': '/Users/kazdy/.dbt', 'send_anonymous_usage_stats': True, 'quiet': False, 'no_print': False, 'cache_selected_only': False, 'config_dir': False, 'which': 'debug', 'indirect_selection': 'eager'}
[0m21:43:40.498169 [debug] [MainThread]: Tracking: tracking
[0m21:43:40.509640 [debug] [MainThread]: Sending event: {'category': 'dbt', 'action': 'invocation', 'label': 'start', 'context': [<snowplow_tracker.self_describing_json.SelfDescribingJson object at 0x10576f8e0>, <snowplow_tracker.self_describing_json.SelfDescribingJson object at 0x10576f3d0>, <snowplow_tracker.self_describing_json.SelfDescribingJson object at 0x10576fc40>]}
[0m21:43:40.833326 [debug] [MainThread]: Executing "git --help"
[0m21:43:40.839941 [debug] [MainThread]: STDOUT: "b"usage: git [-v | --version] [-h | --help] [-C <path>] [-c <name>=<value>]\n           [--exec-path[=<path>]] [--html-path] [--man-path] [--info-path]\n           [-p | --paginate | -P | --no-pager] [--no-replace-objects] [--bare]\n           [--git-dir=<path>] [--work-tree=<path>] [--namespace=<name>]\n           [--super-prefix=<path>] [--config-env=<name>=<envvar>]\n           <command> [<args>]\n\nThese are common Git commands used in various situations:\n\nstart a working area (see also: git help tutorial)\n   clone     Clone a repository into a new directory\n   init      Create an empty Git repository or reinitialize an existing one\n\nwork on the current change (see also: git help everyday)\n   add       Add file contents to the index\n   mv        Move or rename a file, a directory, or a symlink\n   restore   Restore working tree files\n   rm        Remove files from the working tree and from the index\n\nexamine the history and state (see also: git help revisions)\n   bisect    Use binary search to find the commit that introduced a bug\n   diff      Show changes between commits, commit and working tree, etc\n   grep      Print lines matching a pattern\n   log       Show commit logs\n   show      Show various types of objects\n   status    Show the working tree status\n\ngrow, mark and tweak your common history\n   branch    List, create, or delete branches\n   commit    Record changes to the repository\n   merge     Join two or more development histories together\n   rebase    Reapply commits on top of another base tip\n   reset     Reset current HEAD to the specified state\n   switch    Switch branches\n   tag       Create, list, delete or verify a tag object signed with GPG\n\ncollaborate (see also: git help workflows)\n   fetch     Download objects and refs from another repository\n   pull      Fetch from and integrate with another repository or a local branch\n   push      Update remote refs along with associated objects\n\n'git help -a' and 'git help -g' list available subcommands and some\nconcept guides. See 'git help <command>' or 'git help <concept>'\nto read about a specific subcommand or concept.\nSee 'git help git' for an overview of the system.\n""
[0m21:43:40.840406 [debug] [MainThread]: STDERR: "b''"
[0m21:43:40.874386 [debug] [MainThread]: Acquiring new duckdb connection 'debug'
[0m21:43:40.874773 [debug] [MainThread]: Using duckdb connection "debug"
[0m21:43:40.874917 [debug] [MainThread]: On debug: select 1 as id
[0m21:43:40.875059 [debug] [MainThread]: Opening a new connection, currently in state init
[0m21:43:45.035442 [debug] [MainThread]: SQL status: OK in 4 seconds
[0m21:43:45.038089 [debug] [MainThread]: On debug: Close
[0m21:43:45.040351 [debug] [MainThread]: Sending event: {'category': 'dbt', 'action': 'invocation', 'label': 'end', 'context': [<snowplow_tracker.self_describing_json.SelfDescribingJson object at 0x11d2cca90>, <snowplow_tracker.self_describing_json.SelfDescribingJson object at 0x11d2cd810>, <snowplow_tracker.self_describing_json.SelfDescribingJson object at 0x11d2cd000>]}
[0m21:43:45.040960 [debug] [MainThread]: Flushing usage events
[0m21:43:45.691949 [debug] [MainThread]: Connection 'debug' was properly closed.
